# JRE version: Java(TM) SE Runtime Environment (8.0_251-b08) (build 1.8.0_251-b08)
# Java VM: Java HotSpot(TM) 64-Bit Server VM (25.251-b08 mixed mode windows-amd64 compressed oops)
Heap:
 PSYoungGen      total 114176K, used 64889K [0x0000000740c00000, 0x0000000748b00000, 0x00000007c0000000)
  eden space 98304K, 66% used [0x0000000740c00000,0x0000000744b5e4f0,0x0000000746c00000)
  from space 15872K, 0% used [0x0000000747b80000,0x0000000747b80000,0x0000000748b00000)
  to   space 15872K, 0% used [0x0000000746c00000,0x0000000746c00000,0x0000000747b80000)
 ParOldGen       total 152064K, used 5880K [0x0000000642400000, 0x000000064b880000, 0x0000000740c00000)
  object space 152064K, 3% used [0x0000000642400000,0x00000006429be0a8,0x000000064b880000)
 Metaspace       used 26622K, capacity 27544K, committed 27776K, reserved 1073152K
  class space    used 3707K, capacity 3889K, committed 3968K, reserved 1048576K
GC Heap History (6 events):
Event: 1.848 GC heap before
{Heap before GC invocations=1 (full 0):
 PSYoungGen      total 114176K, used 98304K [0x0000000740c00000, 0x0000000748b00000, 0x00000007c0000000)
  eden space 98304K, 100% used [0x0000000740c00000,0x0000000746c00000,0x0000000746c00000)
  from space 15872K, 0% used [0x0000000747b80000,0x0000000747b80000,0x0000000748b00000)
  to   space 15872K, 0% used [0x0000000746c00000,0x0000000746c00000,0x0000000747b80000)
 ParOldGen       total 261120K, used 0K [0x0000000642400000, 0x0000000652300000, 0x0000000740c00000)
  object space 261120K, 0% used [0x0000000642400000,0x0000000642400000,0x0000000652300000)
 Metaspace       used 18509K, capacity 19246K, committed 19456K, reserved 1067008K
  class space    used 2564K, capacity 2698K, committed 2816K, reserved 1048576K
Event: 1.868 GC heap after
Heap after GC invocations=1 (full 0):
 PSYoungGen      total 114176K, used 14913K [0x0000000740c00000, 0x0000000748b00000, 0x00000007c0000000)
  eden space 98304K, 0% used [0x0000000740c00000,0x0000000740c00000,0x0000000746c00000)
  from space 15872K, 93% used [0x0000000746c00000,0x0000000747a90510,0x0000000747b80000)
  to   space 15872K, 0% used [0x0000000747b80000,0x0000000747b80000,0x0000000748b00000)
 ParOldGen       total 261120K, used 16K [0x0000000642400000, 0x0000000652300000, 0x0000000740c00000)
  object space 261120K, 0% used [0x0000000642400000,0x0000000642404000,0x0000000652300000)
 Metaspace       used 18509K, capacity 19246K, committed 19456K, reserved 1067008K
  class space    used 2564K, capacity 2698K, committed 2816K, reserved 1048576K
}
Event: 2.101 GC heap before
{Heap before GC invocations=2 (full 0):
 PSYoungGen      total 114176K, used 26604K [0x0000000740c00000, 0x0000000748b00000, 0x00000007c0000000)
  eden space 98304K, 11% used [0x0000000740c00000,0x000000074176ad40,0x0000000746c00000)
  from space 15872K, 93% used [0x0000000746c00000,0x0000000747a90510,0x0000000747b80000)
  to   space 15872K, 0% used [0x0000000747b80000,0x0000000747b80000,0x0000000748b00000)
 ParOldGen       total 261120K, used 16K [0x0000000642400000, 0x0000000652300000, 0x0000000740c00000)
  object space 261120K, 0% used [0x0000000642400000,0x0000000642404000,0x0000000652300000)
 Metaspace       used 20317K, capacity 21008K, committed 21248K, reserved 1067008K
  class space    used 2827K, capacity 2987K, committed 3072K, reserved 1048576K
Event: 2.116 GC heap after
Heap after GC invocations=2 (full 0):
 PSYoungGen      total 114176K, used 6006K [0x0000000740c00000, 0x0000000748b00000, 0x00000007c0000000)
  eden space 98304K, 0% used [0x0000000740c00000,0x0000000740c00000,0x0000000746c00000)
  from space 15872K, 37% used [0x0000000747b80000,0x000000074815d9d8,0x0000000748b00000)
  to   space 15872K, 0% used [0x0000000746c00000,0x0000000746c00000,0x0000000747b80000)
 ParOldGen       total 261120K, used 24K [0x0000000642400000, 0x0000000652300000, 0x0000000740c00000)
  object space 261120K, 0% used [0x0000000642400000,0x0000000642406000,0x0000000652300000)
 Metaspace       used 20317K, capacity 21008K, committed 21248K, reserved 1067008K
  class space    used 2827K, capacity 2987K, committed 3072K, reserved 1048576K
}
Event: 2.116 GC heap before
{Heap before GC invocations=3 (full 1):
 PSYoungGen      total 114176K, used 6006K [0x0000000740c00000, 0x0000000748b00000, 0x00000007c0000000)
  eden space 98304K, 0% used [0x0000000740c00000,0x0000000740c00000,0x0000000746c00000)
  from space 15872K, 37% used [0x0000000747b80000,0x000000074815d9d8,0x0000000748b00000)
  to   space 15872K, 0% used [0x0000000746c00000,0x0000000746c00000,0x0000000747b80000)
 ParOldGen       total 261120K, used 24K [0x0000000642400000, 0x0000000652300000, 0x0000000740c00000)
  object space 261120K, 0% used [0x0000000642400000,0x0000000642406000,0x0000000652300000)
 Metaspace       used 20317K, capacity 21008K, committed 21248K, reserved 1067008K
  class space    used 2827K, capacity 2987K, committed 3072K, reserved 1048576K
Event: 2.187 GC heap after
Heap after GC invocations=3 (full 1):
 PSYoungGen      total 114176K, used 0K [0x0000000740c00000, 0x0000000748b00000, 0x00000007c0000000)
  eden space 98304K, 0% used [0x0000000740c00000,0x0000000740c00000,0x0000000746c00000)
  from space 15872K, 0% used [0x0000000747b80000,0x0000000747b80000,0x0000000748b00000)
  to   space 15872K, 0% used [0x0000000746c00000,0x0000000746c00000,0x0000000747b80000)
 ParOldGen       total 152064K, used 5880K [0x0000000642400000, 0x000000064b880000, 0x0000000740c00000)
  object space 152064K, 3% used [0x0000000642400000,0x00000006429be0a8,0x000000064b880000)
 Metaspace       used 20317K, capacity 21008K, committed 21248K, reserved 1067008K
  class space    used 2827K, capacity 2987K, committed 3072K, reserved 1048576K
}

