# JRE version: Java(TM) SE Runtime Environment (8.0_251-b08) (build 1.8.0_251-b08)
# Java VM: Java HotSpot(TM) 64-Bit Server VM (25.251-b08 mixed mode windows-amd64 compressed oops)
Heap:
 PSYoungGen      total 114176K, used 66737K [0x0000000740c00000, 0x0000000748b00000, 0x00000007c0000000)
  eden space 98304K, 67% used [0x0000000740c00000,0x0000000744d2c578,0x0000000746c00000)
  from space 15872K, 0% used [0x0000000747b80000,0x0000000747b80000,0x0000000748b00000)
  to   space 15872K, 0% used [0x0000000746c00000,0x0000000746c00000,0x0000000747b80000)
 ParOldGen       total 137728K, used 5855K [0x0000000642400000, 0x000000064aa80000, 0x0000000740c00000)
  object space 137728K, 4% used [0x0000000642400000,0x00000006429b7e20,0x000000064aa80000)
 Metaspace       used 27335K, capacity 28312K, committed 28544K, reserved 1073152K
  class space    used 3765K, capacity 3953K, committed 3968K, reserved 1048576K
GC Heap History (6 events):
Event: 1.729 GC heap before
{Heap before GC invocations=1 (full 0):
 PSYoungGen      total 114176K, used 98304K [0x0000000740c00000, 0x0000000748b00000, 0x00000007c0000000)
  eden space 98304K, 100% used [0x0000000740c00000,0x0000000746c00000,0x0000000746c00000)
  from space 15872K, 0% used [0x0000000747b80000,0x0000000747b80000,0x0000000748b00000)
  to   space 15872K, 0% used [0x0000000746c00000,0x0000000746c00000,0x0000000747b80000)
 ParOldGen       total 261120K, used 0K [0x0000000642400000, 0x0000000652300000, 0x0000000740c00000)
  object space 261120K, 0% used [0x0000000642400000,0x0000000642400000,0x0000000652300000)
 Metaspace       used 18496K, capacity 19182K, committed 19456K, reserved 1067008K
  class space    used 2561K, capacity 2698K, committed 2816K, reserved 1048576K
Event: 1.742 GC heap after
Heap after GC invocations=1 (full 0):
 PSYoungGen      total 114176K, used 14915K [0x0000000740c00000, 0x0000000748b00000, 0x00000007c0000000)
  eden space 98304K, 0% used [0x0000000740c00000,0x0000000740c00000,0x0000000746c00000)
  from space 15872K, 93% used [0x0000000746c00000,0x0000000747a90c20,0x0000000747b80000)
  to   space 15872K, 0% used [0x0000000747b80000,0x0000000747b80000,0x0000000748b00000)
 ParOldGen       total 261120K, used 16K [0x0000000642400000, 0x0000000652300000, 0x0000000740c00000)
  object space 261120K, 0% used [0x0000000642400000,0x0000000642404000,0x0000000652300000)
 Metaspace       used 18496K, capacity 19182K, committed 19456K, reserved 1067008K
  class space    used 2561K, capacity 2698K, committed 2816K, reserved 1048576K
}
Event: 1.840 GC heap before
{Heap before GC invocations=2 (full 0):
 PSYoungGen      total 114176K, used 25987K [0x0000000740c00000, 0x0000000748b00000, 0x00000007c0000000)
  eden space 98304K, 11% used [0x0000000740c00000,0x00000007416d0378,0x0000000746c00000)
  from space 15872K, 93% used [0x0000000746c00000,0x0000000747a90c20,0x0000000747b80000)
  to   space 15872K, 0% used [0x0000000747b80000,0x0000000747b80000,0x0000000748b00000)
 ParOldGen       total 261120K, used 16K [0x0000000642400000, 0x0000000652300000, 0x0000000740c00000)
  object space 261120K, 0% used [0x0000000642400000,0x0000000642404000,0x0000000652300000)
 Metaspace       used 20321K, capacity 21008K, committed 21248K, reserved 1067008K
  class space    used 2825K, capacity 2987K, committed 3072K, reserved 1048576K
Event: 1.845 GC heap after
Heap after GC invocations=2 (full 0):
 PSYoungGen      total 114176K, used 6139K [0x0000000740c00000, 0x0000000748b00000, 0x00000007c0000000)
  eden space 98304K, 0% used [0x0000000740c00000,0x0000000740c00000,0x0000000746c00000)
  from space 15872K, 38% used [0x0000000747b80000,0x000000074817ee00,0x0000000748b00000)
  to   space 15872K, 0% used [0x0000000746c00000,0x0000000746c00000,0x0000000747b80000)
 ParOldGen       total 261120K, used 24K [0x0000000642400000, 0x0000000652300000, 0x0000000740c00000)
  object space 261120K, 0% used [0x0000000642400000,0x0000000642406000,0x0000000652300000)
 Metaspace       used 20321K, capacity 21008K, committed 21248K, reserved 1067008K
  class space    used 2825K, capacity 2987K, committed 3072K, reserved 1048576K
}
Event: 1.845 GC heap before
{Heap before GC invocations=3 (full 1):
 PSYoungGen      total 114176K, used 6139K [0x0000000740c00000, 0x0000000748b00000, 0x00000007c0000000)
  eden space 98304K, 0% used [0x0000000740c00000,0x0000000740c00000,0x0000000746c00000)
  from space 15872K, 38% used [0x0000000747b80000,0x000000074817ee00,0x0000000748b00000)
  to   space 15872K, 0% used [0x0000000746c00000,0x0000000746c00000,0x0000000747b80000)
 ParOldGen       total 261120K, used 24K [0x0000000642400000, 0x0000000652300000, 0x0000000740c00000)
  object space 261120K, 0% used [0x0000000642400000,0x0000000642406000,0x0000000652300000)
 Metaspace       used 20321K, capacity 21008K, committed 21248K, reserved 1067008K
  class space    used 2825K, capacity 2987K, committed 3072K, reserved 1048576K
Event: 1.872 GC heap after
Heap after GC invocations=3 (full 1):
 PSYoungGen      total 114176K, used 0K [0x0000000740c00000, 0x0000000748b00000, 0x00000007c0000000)
  eden space 98304K, 0% used [0x0000000740c00000,0x0000000740c00000,0x0000000746c00000)
  from space 15872K, 0% used [0x0000000747b80000,0x0000000747b80000,0x0000000748b00000)
  to   space 15872K, 0% used [0x0000000746c00000,0x0000000746c00000,0x0000000747b80000)
 ParOldGen       total 137728K, used 5855K [0x0000000642400000, 0x000000064aa80000, 0x0000000740c00000)
  object space 137728K, 4% used [0x0000000642400000,0x00000006429b7e20,0x000000064aa80000)
 Metaspace       used 20321K, capacity 21008K, committed 21248K, reserved 1067008K
  class space    used 2825K, capacity 2987K, committed 3072K, reserved 1048576K
}

